<?xml version="1.0" encoding="UTF-8"?>
<testng-results skipped="0" failed="0" ignored="0" total="1" passed="1">
  <reporter-output>
  </reporter-output>
  <suite name="Default suite" duration-ms="5845" started-at="2020-02-08T12:46:40 EST" finished-at="2020-02-08T12:46:46 EST">
    <groups>
    </groups>
    <test name="Default test" duration-ms="5845" started-at="2020-02-08T12:46:40 EST" finished-at="2020-02-08T12:46:46 EST">
      <class name="testing.NewTest">
        <test-method status="PASS" signature="beforeClass()[pri:0, instance:testing.NewTest@67b92f0a]" name="beforeClass" is-config="true" duration-ms="5813" started-at="2020-02-08T12:46:40 EST" finished-at="2020-02-08T12:46:46 EST">
          <reporter-output>
          </reporter-output>
        </test-method> <!-- beforeClass -->
        <test-method status="PASS" signature="f()[pri:0, instance:testing.NewTest@67b92f0a]" name="f" duration-ms="4" started-at="2020-02-08T12:46:46 EST" finished-at="2020-02-08T12:46:46 EST">
          <reporter-output>
          </reporter-output>
        </test-method> <!-- f -->
        <test-method status="PASS" signature="afterClass()[pri:0, instance:testing.NewTest@67b92f0a]" name="afterClass" is-config="true" duration-ms="0" started-at="2020-02-08T12:46:46 EST" finished-at="2020-02-08T12:46:46 EST">
          <reporter-output>
          </reporter-output>
        </test-method> <!-- afterClass -->
      </class> <!-- testing.NewTest -->
    </test> <!-- Default test -->
  </suite> <!-- Default suite -->
</testng-results>
